app/build/outputs/logs/manifest-merger-debug-report.txt
-- Merging decision tree log ---
manifest
ADDED from src\main\AndroidManifest.xml:2:1-79:12
INJECTED from src\main\AndroidManifest.xml:2:1-79:12
INJECTED from src\main\AndroidManifest.xml:2:1-79:12
INJECTED from src\main\AndroidManifest.xml:2:1-79:12
MERGED from [:zxinglibrary] AndroidManifest.xml:2:1-30:12
MERGED from [com.android.support:design:27.1.1] AndroidManifest.xml:17:1-22:12
MERGED from [com.android.support:appcompat-v7:27.1.1] AndroidManifest.xml:17:1-22:12
MERGED from [com.android.support:animated-vector-drawable:27.1.1] AndroidManifest.xml:17:1-22:12
MERGED from [com.android.support:support-vector-drawable:27.1.1] AndroidManifest.xml:17:1-22:12
MERGED from [com.android.support.constraint:constraint-layout:1.0.2] AndroidManifest.xml:2:1-11:12
MERGED from [com.yanzhenjie:permission:2.0.0-rc4] AndroidManifest.xml:17:1-33:12
MERGED from [com.android.support:support-v4:27.1.1] AndroidManifest.xml:17:1-22:12
MERGED from [com.android.support:support-fragment:27.1.1] AndroidManifest.xml:17:1-22:12
MERGED from [com.android.support:recyclerview-v7:27.1.1] AndroidManifest.xml:17:1-22:12
MERGED from [com.android.support:support-core-ui:27.1.1] AndroidManifest.xml:17:1-22:12
MERGED from [com.android.support:support-core-utils:27.1.1] AndroidManifest.xml:17:1-22:12
MERGED from [com.android.support:transition:27.1.1] AndroidManifest.xml:17:1-22:12
MERGED from [com.android.support:support-media-compat:27.1.1] AndroidManifest.xml:17:1-22:12
MERGED from [com.android.support:support-compat:27.1.1] AndroidManifest.xml:17:1-22:12
MERGED from [android.arch.lifecycle:livedata-core:1.1.0] AndroidManifest.xml:17:1-22:12
MERGED from [android.arch.lifecycle:viewmodel:1.1.0] AndroidManifest.xml:17:1-22:12
MERGED from [android.arch.lifecycle:runtime:1.1.0] AndroidManifest.xml:17:1-22:12
MERGED from [android.arch.core:runtime:1.1.0] AndroidManifest.xml:17:1-22:12
INJECTED from src\main\AndroidManifest.xml:2:1-79:12
INJECTED from src\main\AndroidManifest.xml:2:1-79:12
INJECTED from src\main\AndroidManifest.xml:2:1-79:12
	package
		ADDED from src\main\AndroidManifest.xml:3:5-50
		INJECTED from src\main\AndroidManifest.xml
		INJECTED from src\main\AndroidManifest.xml
	android:versionName
		INJECTED from src\main\AndroidManifest.xml
		ADDED from src\main\AndroidManifest.xml:2:1-79:12
		INJECTED from src\main\AndroidManifest.xml
	android:versionCode
		INJECTED from src\main\AndroidManifest.xml
		ADDED from src\main\AndroidManifest.xml:2:1-79:12
		INJECTED from src\main\AndroidManifest.xml
	xmlns:android
		ADDED from src\main\AndroidManifest.xml:2:11-69
uses-sdk
ADDED from src\main\AndroidManifest.xml:5:5-47
INJECTED from src\main\AndroidManifest.xml:5:5-47
INJECTED from src\main\AndroidManifest.xml:5:5-47
MERGED from [:zxinglibrary] AndroidManifest.xml:7:5-9:41
MERGED from [:zxinglibrary] AndroidManifest.xml:7:5-9:41
MERGED from [com.android.support:design:27.1.1] AndroidManifest.xml:20:5-44
MERGED from [com.android.support:design:27.1.1] AndroidManifest.xml:20:5-44
MERGED from [com.android.support:appcompat-v7:27.1.1] AndroidManifest.xml:20:5-44
MERGED from [com.android.support:appcompat-v7:27.1.1] AndroidManifest.xml:20:5-44
MERGED from [com.android.support:animated-vector-drawable:27.1.1] AndroidManifest.xml:20:5-44
MERGED from [com.android.support:animated-vector-drawable:27.1.1] AndroidManifest.xml:20:5-44
MERGED from [com.android.support:support-vector-drawable:27.1.1] AndroidManifest.xml:20:5-44
MERGED from [com.android.support:support-vector-drawable:27.1.1] AndroidManifest.xml:20:5-44
MERGED from [com.android.support.constraint:constraint-layout:1.0.2] AndroidManifest.xml:5:5-7:41
MERGED from [com.android.support.constraint:constraint-layout:1.0.2] AndroidManifest.xml:5:5-7:41
MERGED from [com.yanzhenjie:permission:2.0.0-rc4] AndroidManifest.xml:20:5-22:41
MERGED from [com.yanzhenjie:permission:2.0.0-rc4] AndroidManifest.xml:20:5-22:41
MERGED from [com.android.support:support-v4:27.1.1] AndroidManifest.xml:20:5-44
MERGED from [com.android.support:support-v4:27.1.1] AndroidManifest.xml:20:5-44
MERGED from [com.android.support:support-fragment:27.1.1] AndroidManifest.xml:20:5-44
MERGED from [com.android.support:support-fragment:27.1.1] AndroidManifest.xml:20:5-44
MERGED from [com.android.support:recyclerview-v7:27.1.1] AndroidManifest.xml:20:5-44
MERGED from [com.android.support:recyclerview-v7:27.1.1] AndroidManifest.xml:20:5-44
MERGED from [com.android.support:support-core-ui:27.1.1] AndroidManifest.xml:20:5-44
MERGED from [com.android.support:support-core-ui:27.1.1] AndroidManifest.xml:20:5-44
MERGED from [com.android.support:support-core-utils:27.1.1] AndroidManifest.xml:20:5-44
MERGED from [com.android.support:support-core-utils:27.1.1] AndroidManifest.xml:20:5-44
MERGED from [com.android.support:transition:27.1.1] AndroidManifest.xml:20:5-44
MERGED from [com.android.support:transition:27.1.1] AndroidManifest.xml:20:5-44
MERGED from [com.android.support:support-media-compat:27.1.1] AndroidManifest.xml:20:5-44
MERGED from [com.android.support:support-media-compat:27.1.1] AndroidManifest.xml:20:5-44
MERGED from [com.android.support:support-compat:27.1.1] AndroidManifest.xml:20:5-44
MERGED from [com.android.support:support-compat:27.1.1] AndroidManifest.xml:20:5-44
MERGED from [android.arch.lifecycle:livedata-core:1.1.0] AndroidManifest.xml:20:5-44
MERGED from [android.arch.lifecycle:livedata-core:1.1.0] AndroidManifest.xml:20:5-44
MERGED from [android.arch.lifecycle:viewmodel:1.1.0] AndroidManifest.xml:20:5-44
MERGED from [android.arch.lifecycle:viewmodel:1.1.0] AndroidManifest.xml:20:5-44
MERGED from [android.arch.lifecycle:runtime:1.1.0] AndroidManifest.xml:20:5-44
MERGED from [android.arch.lifecycle:runtime:1.1.0] AndroidManifest.xml:20:5-44
MERGED from [android.arch.core:runtime:1.1.0] AndroidManifest.xml:20:5-44
MERGED from [android.arch.core:runtime:1.1.0] AndroidManifest.xml:20:5-44
INJECTED from src\main\AndroidManifest.xml:5:5-47
INJECTED from src\main\AndroidManifest.xml:5:5-47
	android:targetSdkVersion
		ADDED from src\main\AndroidManifest.xml:5:15-44
		INJECTED from src\main\AndroidManifest.xml
		INJECTED from src\main\AndroidManifest.xml
	android:minSdkVersion
		INJECTED from src\main\AndroidManifest.xml
		ADDED from src\main\AndroidManifest.xml:5:5-47
		INJECTED from src\main\AndroidManifest.xml
uses-permission#android.permission.WRITE_EXTERNAL_STORAGE
ADDED from src\main\AndroidManifest.xml:8:5-81
MERGED from [:zxinglibrary] AndroidManifest.xml:20:5-81
MERGED from [:zxinglibrary] AndroidManifest.xml:20:5-81
	android:name
		ADDED from src\main\AndroidManifest.xml:8:22-78
uses-permission#android.permission.READ_EXTERNAL_STORAGE
ADDED from src\main\AndroidManifest.xml:10:5-80
MERGED from [:zxinglibrary] AndroidManifest.xml:19:5-80
MERGED from [:zxinglibrary] AndroidManifest.xml:19:5-80
	android:name
		ADDED from src\main\AndroidManifest.xml:10:22-77
uses-permission#android.permission.INTERNET
ADDED from src\main\AndroidManifest.xml:12:5-67
	android:name
		ADDED from src\main\AndroidManifest.xml:12:22-64
uses-permission#android.permission.ACCESS_NETWORK_STATE
ADDED from src\main\AndroidManifest.xml:14:5-79
	android:name
		ADDED from src\main\AndroidManifest.xml:14:22-76
uses-permission#android.permission.READ_PHONE_STATE
ADDED from src\main\AndroidManifest.xml:15:5-75
	android:name
		ADDED from src\main\AndroidManifest.xml:15:22-72
uses-permission#android.permission.CAMERA
ADDED from src\main\AndroidManifest.xml:16:5-65
MERGED from [:zxinglibrary] AndroidManifest.xml:11:5-65
MERGED from [:zxinglibrary] AndroidManifest.xml:11:5-65
	android:name
		ADDED from src\main\AndroidManifest.xml:16:22-62
uses-permission#android.permission.FLASHLIGHT
ADDED from src\main\AndroidManifest.xml:17:5-69
MERGED from [:zxinglibrary] AndroidManifest.xml:12:5-69
MERGED from [:zxinglibrary] AndroidManifest.xml:12:5-69
	android:name
		ADDED from src\main\AndroidManifest.xml:17:22-66
uses-feature#android.hardware.camera
ADDED from src\main\AndroidManifest.xml:18:5-60
MERGED from [:zxinglibrary] AndroidManifest.xml:14:5-60
MERGED from [:zxinglibrary] AndroidManifest.xml:14:5-60
	android:name
		ADDED from src\main\AndroidManifest.xml:18:19-57
uses-feature#android.hardware.camera.autofocus
ADDED from src\main\AndroidManifest.xml:19:5-70
MERGED from [:zxinglibrary] AndroidManifest.xml:15:5-70
MERGED from [:zxinglibrary] AndroidManifest.xml:15:5-70
	android:name
		ADDED from src\main\AndroidManifest.xml:19:19-67
uses-permission#android.permission.VIBRATE
ADDED from src\main\AndroidManifest.xml:20:5-66
MERGED from [:zxinglibrary] AndroidManifest.xml:17:5-66
MERGED from [:zxinglibrary] AndroidManifest.xml:17:5-66
	android:name
		ADDED from src\main\AndroidManifest.xml:20:22-63
uses-permission#android.permission.WAKE_LOCK
ADDED from src\main\AndroidManifest.xml:21:5-68
MERGED from [:zxinglibrary] AndroidManifest.xml:18:5-68
MERGED from [:zxinglibrary] AndroidManifest.xml:18:5-68
	android:name
		ADDED from src\main\AndroidManifest.xml:21:22-65
application
ADDED from src\main\AndroidManifest.xml:26:5-77:19
MERGED from [:zxinglibrary] AndroidManifest.xml:22:5-28:19
MERGED from [:zxinglibrary] AndroidManifest.xml:22:5-28:19
MERGED from [com.android.support.constraint:constraint-layout:1.0.2] AndroidManifest.xml:9:5-20
MERGED from [com.android.support.constraint:constraint-layout:1.0.2] AndroidManifest.xml:9:5-20
MERGED from [com.yanzhenjie:permission:2.0.0-rc4] AndroidManifest.xml:24:5-31:19
MERGED from [com.yanzhenjie:permission:2.0.0-rc4] AndroidManifest.xml:24:5-31:19
	android:supportsRtl
		ADDED from src\main\AndroidManifest.xml:31:9-35
	android:label
		ADDED from src\main\AndroidManifest.xml:30:9-41
	android:icon
		ADDED from src\main\AndroidManifest.xml:29:9-45
	android:allowBackup
		ADDED from src\main\AndroidManifest.xml:28:9-35
	android:theme
		ADDED from src\main\AndroidManifest.xml:32:9-40
	android:name
		ADDED from src\main\AndroidManifest.xml:27:9-40
meta-data#com.fengmap.mapapi.appkey
ADDED from src\main\AndroidManifest.xml:35:9-37:40
	android:value
		ADDED from src\main\AndroidManifest.xml:37:13-37
	android:name
		ADDED from src\main\AndroidManifest.xml:36:13-53
activity#com.fengmap.FMDemoNavigationAdvance.MapApiDemoMain
ADDED from src\main\AndroidManifest.xml:39:9-48:20
	android:screenOrientation
		ADDED from src\main\AndroidManifest.xml:42:13-49
	android:configChanges
		ADDED from src\main\AndroidManifest.xml:41:13-63
	android:name
		ADDED from src\main\AndroidManifest.xml:40:13-43
intent-filter#action:name:android.intent.action.MAIN+category:name:android.intent.category.LAUNCHER
ADDED from src\main\AndroidManifest.xml:43:13-47:29
action#android.intent.action.MAIN
ADDED from src\main\AndroidManifest.xml:44:17-69
	android:name
		ADDED from src\main\AndroidManifest.xml:44:25-66
category#android.intent.category.LAUNCHER
ADDED from src\main\AndroidManifest.xml:46:17-77
	android:name
		ADDED from src\main\AndroidManifest.xml:46:27-74
activity#com.fengmap.FMDemoNavigationAdvance.map.FMNavigationConstraint
ADDED from src\main\AndroidManifest.xml:49:9-52:52
	android:screenOrientation
		ADDED from src\main\AndroidManifest.xml:52:13-49
	android:configChanges
		ADDED from src\main\AndroidManifest.xml:51:13-63
	android:name
		ADDED from src\main\AndroidManifest.xml:50:13-55
activity#com.fengmap.FMDemoNavigationAdvance.map.FMNavigationRecalc
ADDED from src\main\AndroidManifest.xml:53:9-56:52
	android:screenOrientation
		ADDED from src\main\AndroidManifest.xml:56:13-49
	android:configChanges
		ADDED from src\main\AndroidManifest.xml:55:13-63
	android:name
		ADDED from src\main\AndroidManifest.xml:54:13-51
activity#com.fengmap.FMDemoNavigationAdvance.map.FMNavigationFirstPerson
ADDED from src\main\AndroidManifest.xml:57:9-60:52
	android:screenOrientation
		ADDED from src\main\AndroidManifest.xml:60:13-49
	android:configChanges
		ADDED from src\main\AndroidManifest.xml:59:13-63
	android:name
		ADDED from src\main\AndroidManifest.xml:58:13-56
activity#com.fengmap.FMDemoNavigationAdvance.map.FMNavigationThirdPerson
ADDED from src\main\AndroidManifest.xml:61:9-64:52
	android:screenOrientation
		ADDED from src\main\AndroidManifest.xml:64:13-49
	android:configChanges
		ADDED from src\main\AndroidManifest.xml:63:13-63
	android:name
		ADDED from src\main\AndroidManifest.xml:62:13-56
activity#com.fengmap.FMDemoNavigationAdvance.map.FMNavigationApplication
ADDED from src\main\AndroidManifest.xml:65:9-68:52
	android:screenOrientation
		ADDED from src\main\AndroidManifest.xml:68:13-49
	android:configChanges
		ADDED from src\main\AndroidManifest.xml:67:13-63
	android:name
		ADDED from src\main\AndroidManifest.xml:66:13-56
activity#com.fengmap.FMDemoNavigationAdvance.MapSearchMain
ADDED from src\main\AndroidManifest.xml:69:9-51
	android:name
		ADDED from src\main\AndroidManifest.xml:69:19-48
activity#com.fengmap.FMDemoNavigationAdvance.map.BaseSearchActivity
ADDED from src\main\AndroidManifest.xml:70:9-60
	android:name
		ADDED from src\main\AndroidManifest.xml:70:19-57
activity#com.fengmap.FMDemoNavigationAdvance.map.FMSearchAnalysisAssociateBusiness
ADDED from src\main\AndroidManifest.xml:71:9-75
	android:name
		ADDED from src\main\AndroidManifest.xml:71:19-72
service#com.fengmap.FMDemoNavigationAdvance.location.StepCountLocationService
ADDED from src\main\AndroidManifest.xml:73:9-76:47
	android:enabled
		ADDED from src\main\AndroidManifest.xml:75:13-35
	android:exported
		ADDED from src\main\AndroidManifest.xml:76:13-36
	android:name
		ADDED from src\main\AndroidManifest.xml:74:13-62
activity#com.yzq.zxinglibrary.android.CaptureActivity
ADDED from [:zxinglibrary] AndroidManifest.xml:23:9-27:67
	android:screenOrientation
		ADDED from [:zxinglibrary] AndroidManifest.xml:26:13-49
	android:windowSoftInputMode
		ADDED from [:zxinglibrary] AndroidManifest.xml:27:13-64
	android:configChanges
		ADDED from [:zxinglibrary] AndroidManifest.xml:25:13-59
	android:name
		ADDED from [:zxinglibrary] AndroidManifest.xml:24:13-72
activity#com.yanzhenjie.permission.PermissionActivity
ADDED from [com.yanzhenjie:permission:2.0.0-rc4] AndroidManifest.xml:25:9-30:75
	android:launchMode
		ADDED from [com.yanzhenjie:permission:2.0.0-rc4] AndroidManifest.xml:28:13-42
	android:windowSoftInputMode
		ADDED from [com.yanzhenjie:permission:2.0.0-rc4] AndroidManifest.xml:30:13-72
	android:configChanges
		ADDED from [com.yanzhenjie:permission:2.0.0-rc4] AndroidManifest.xml:27:13-74
	android:theme
		ADDED from [com.yanzhenjie:permission:2.0.0-rc4] AndroidManifest.xml:29:13-65
	android:name
		ADDED from [com.yanzhenjie:permission:2.0.0-rc4] AndroidManifest.xml:26:13-72